<?xml version="1.0" encoding="UTF-8"?>
<!-- Generated by org.testng.reporters.JUnitReportReporter -->
<testsuite hostname="Yuvaraj" failures="0" tests="1" name="com.RestAssured.testCookies" time="1.735" errors="0" timestamp="2023-03-19T19:23:25 IST" skipped="0">
  <testcase classname="com.RestAssured.testCookies" name="getCookiesInfo" time="1.735"/>
  <system-out/>
</testsuite> <!-- com.RestAssured.testCookies -->
