<?xml version="1.0" encoding="UTF-8"?>
<!-- Generated by org.testng.reporters.JUnitReportReporter -->
<testsuite hostname="Yuvaraj" failures="0" tests="1" name="com.RestAssured.pathParameterandQueryParameter" time="1.919" errors="0" timestamp="2023-03-19T18:37:07 IST" skipped="0">
  <testcase classname="com.RestAssured.pathParameterandQueryParameter" name="testPathandQuery" time="1.919"/>
  <system-out/>
</testsuite> <!-- com.RestAssured.pathParameterandQueryParameter -->
