<?xml version="1.0" encoding="UTF-8"?>
<!-- Generated by org.testng.reporters.JUnitReportReporter -->
<testsuite hostname="Yuvaraj" failures="0" tests="4" name="com.RestAssured.HttpRequest" time="4.047" errors="0" timestamp="2023-03-19T10:39:26 IST" skipped="0">
  <testcase classname="com.RestAssured.HttpRequest" name="getUsers" time="2.200"/>
  <system-out/>
  <testcase classname="com.RestAssured.HttpRequest" name="createUser" time="0.846"/>
  <system-out/>
  <testcase classname="com.RestAssured.HttpRequest" name="updateUser" time="0.540"/>
  <system-out/>
  <testcase classname="com.RestAssured.HttpRequest" name="deleteUser" time="0.461"/>
  <system-out/>
</testsuite> <!-- com.RestAssured.HttpRequest -->
